C:\Program Files (x86)\Microsoft Visual Studio\2019\Community\MSBuild\Microsoft\VC\v160\Microsoft.CppBuild.targets(513,5): warning MSB8028: The intermediate directory (x64\Release\) contains files shared from another project (input_app.vcxproj).  This can lead to incorrect clean and rebuild behavior.
  main_d3d11.cpp
  primitive_builder.cpp
  scene_app.cpp
D:\Connor\CMP208\CMP208_1900093_Vollity\scene_app.cpp(22,12): warning C4244: 'argument': conversion from 'time_t' to 'unsigned int', possible loss of data
D:\Connor\CMP208\CMP208_1900093_Vollity\scene_app.cpp(196,15): warning C4244: 'initializing': conversion from 'Int32' to 'float', possible loss of data
D:\Connor\CMP208\CMP208_1900093_Vollity\scene_app.cpp(198,14): warning C4244: 'initializing': conversion from 'Int32' to 'float', possible loss of data
  Audio3D.cpp
  AudioEmitter.cpp
  Button.cpp
  ButtonChangeGameState.cpp
  DefaultEnemy.cpp
D:\Connor\CMP208\CMP208_1900093_Vollity\build\vs2017\DefaultEnemy.cpp(11,27): warning C4305: 'argument': truncation from 'double' to 'float'
  GameObject.cpp
D:\Connor\CMP208\CMP208_1900093_Vollity\build\vs2017\GameObject.cpp(21,46): warning C4305: 'argument': truncation from 'double' to 'const float'
D:\Connor\CMP208\CMP208_1900093_Vollity\build\vs2017\GameObject.cpp(101,43): warning C4244: 'argument': conversion from 'double' to 'float', possible loss of data
D:\Connor\CMP208\CMP208_1900093_Vollity\build\vs2017\GameObject.cpp(101,27): warning C4244: 'argument': conversion from 'double' to 'float', possible loss of data
D:\Connor\CMP208\CMP208_1900093_Vollity\build\vs2017\GameObject.cpp(123,27): warning C4244: '=': conversion from 'double' to 'float', possible loss of data
  GameState.cpp
  GameStateManager.cpp
  Ground.cpp
D:\Connor\CMP208\CMP208_1900093_Vollity\build\vs2017\Ground.cpp(13,24): warning C4305: 'argument': truncation from 'double' to 'float'
D:\Connor\CMP208\CMP208_1900093_Vollity\build\vs2017\Ground.cpp(17,67): warning C4305: 'argument': truncation from 'double' to 'const float'
  ImageCreation.cpp
  Level1.cpp
D:\Connor\CMP208\CMP208_1900093_Vollity\build\vs2017\Level1.cpp(7,15): warning C4244: 'initializing': conversion from 'double' to 'float', possible loss of data
D:\Connor\CMP208\CMP208_1900093_Vollity\build\vs2017\Level1.cpp(8,14): warning C4244: 'initializing': conversion from 'double' to 'float', possible loss of data
D:\Connor\CMP208\CMP208_1900093_Vollity\build\vs2017\Level1.cpp(91,74): warning C4244: 'argument': conversion from 'int' to 'const float', possible loss of data
D:\Connor\CMP208\CMP208_1900093_Vollity\build\vs2017\Level1.cpp(91,113): warning C4305: 'argument': truncation from 'double' to 'const float'
D:\Connor\CMP208\CMP208_1900093_Vollity\build\vs2017\Level1.cpp(92,92): warning C4305: 'argument': truncation from 'double' to 'const float'
D:\Connor\CMP208\CMP208_1900093_Vollity\build\vs2017\Level1.cpp(93,93): warning C4305: 'argument': truncation from 'double' to 'const float'
D:\Connor\CMP208\CMP208_1900093_Vollity\build\vs2017\Level1.cpp(94,93): warning C4305: 'argument': truncation from 'double' to 'const float'
D:\Connor\CMP208\CMP208_1900093_Vollity\build\vs2017\Level1.cpp(95,94): warning C4305: 'argument': truncation from 'double' to 'const float'
  Level2.cpp
D:\Connor\CMP208\CMP208_1900093_Vollity\build\vs2017\Level2.cpp(49,38): warning C4305: 'argument': truncation from 'double' to 'float'
D:\Connor\CMP208\CMP208_1900093_Vollity\build\vs2017\Level2.cpp(57,15): warning C4244: 'initializing': conversion from 'Int32' to 'float', possible loss of data
D:\Connor\CMP208\CMP208_1900093_Vollity\build\vs2017\Level2.cpp(58,14): warning C4244: 'initializing': conversion from 'Int32' to 'float', possible loss of data
D:\Connor\CMP208\CMP208_1900093_Vollity\build\vs2017\Level2.cpp(70,64): warning C4244: 'argument': conversion from 'double' to 'const float', possible loss of data
D:\Connor\CMP208\CMP208_1900093_Vollity\build\vs2017\Level2.cpp(70,52): warning C4244: 'argument': conversion from 'double' to 'const float', possible loss of data
D:\Connor\CMP208\CMP208_1900093_Vollity\build\vs2017\Level2.cpp(74,53): warning C4305: 'argument': truncation from 'double' to 'const float'
D:\Connor\CMP208\CMP208_1900093_Vollity\build\vs2017\Level2.cpp(186,74): warning C4244: 'argument': conversion from 'int' to 'const float', possible loss of data
D:\Connor\CMP208\CMP208_1900093_Vollity\build\vs2017\Level2.cpp(186,115): warning C4305: 'argument': truncation from 'double' to 'const float'
D:\Connor\CMP208\CMP208_1900093_Vollity\build\vs2017\Level2.cpp(187,70): warning C4244: 'argument': conversion from 'double' to 'const float', possible loss of data
D:\Connor\CMP208\CMP208_1900093_Vollity\build\vs2017\Level2.cpp(187,121): warning C4305: 'argument': truncation from 'double' to 'const float'
D:\Connor\CMP208\CMP208_1900093_Vollity\build\vs2017\Level2.cpp(188,70): warning C4244: 'argument': conversion from 'double' to 'const float', possible loss of data
D:\Connor\CMP208\CMP208_1900093_Vollity\build\vs2017\Level2.cpp(195,99): warning C4244: 'argument': conversion from 'double' to 'const float', possible loss of data
D:\Connor\CMP208\CMP208_1900093_Vollity\build\vs2017\Level2.cpp(195,72): warning C4244: 'argument': conversion from 'double' to 'const float', possible loss of data
D:\Connor\CMP208\CMP208_1900093_Vollity\build\vs2017\Level2.cpp(198,99): warning C4244: 'argument': conversion from 'double' to 'const float', possible loss of data
D:\Connor\CMP208\CMP208_1900093_Vollity\build\vs2017\Level2.cpp(198,72): warning C4244: 'argument': conversion from 'double' to 'const float', possible loss of data
D:\Connor\CMP208\CMP208_1900093_Vollity\build\vs2017\Level2.cpp(198,137): warning C4305: 'argument': truncation from 'double' to 'const float'
D:\Connor\CMP208\CMP208_1900093_Vollity\build\vs2017\Level2.cpp(283,57): warning C4305: 'argument': truncation from 'double' to 'const float'
D:\Connor\CMP208\CMP208_1900093_Vollity\build\vs2017\Level2.cpp(287,41): warning C4305: 'argument': truncation from 'double' to 'float'
D:\Connor\CMP208\CMP208_1900093_Vollity\build\vs2017\Level2.cpp(290,58): warning C4305: 'argument': truncation from 'double' to 'const float'
D:\Connor\CMP208\CMP208_1900093_Vollity\build\vs2017\Level2.cpp(301,31): warning C4244: 'argument': conversion from 'double' to 'float', possible loss of data
D:\Connor\CMP208\CMP208_1900093_Vollity\build\vs2017\Level2.cpp(302,57): warning C4244: 'argument': conversion from 'double' to 'int', possible loss of data
D:\Connor\CMP208\CMP208_1900093_Vollity\build\vs2017\Level2.cpp(309,59): warning C4305: 'argument': truncation from 'double' to 'const float'
D:\Connor\CMP208\CMP208_1900093_Vollity\build\vs2017\Level2.cpp(317,58): warning C4305: 'argument': truncation from 'double' to 'const float'
D:\Connor\CMP208\CMP208_1900093_Vollity\build\vs2017\Level2.cpp(345,50): warning C4305: 'argument': truncation from 'double' to 'float'
D:\Connor\CMP208\CMP208_1900093_Vollity\build\vs2017\Level2.cpp(346,39): warning C4305: 'argument': truncation from 'double' to 'float'
D:\Connor\CMP208\CMP208_1900093_Vollity\build\vs2017\Level2.cpp(351,124): warning C4244: 'argument': conversion from 'int' to 'const float', possible loss of data
D:\Connor\CMP208\CMP208_1900093_Vollity\build\vs2017\Level2.cpp(366,129): warning C4244: 'argument': conversion from 'int' to 'const float', possible loss of data
D:\Connor\CMP208\CMP208_1900093_Vollity\build\vs2017\Level2.cpp(398,62): warning C4305: 'argument': truncation from 'double' to 'const float'
D:\Connor\CMP208\CMP208_1900093_Vollity\build\vs2017\Level2.cpp(401,62): warning C4305: 'argument': truncation from 'double' to 'const float'
  MainMenu.cpp
D:\Connor\CMP208\CMP208_1900093_Vollity\build\vs2017\MainMenu.cpp(10,15): warning C4244: 'initializing': conversion from 'Int32' to 'float', possible loss of data
D:\Connor\CMP208\CMP208_1900093_Vollity\build\vs2017\MainMenu.cpp(12,14): warning C4244: 'initializing': conversion from 'Int32' to 'float', possible loss of data
D:\Connor\CMP208\CMP208_1900093_Vollity\build\vs2017\MainMenu.cpp(16,66): warning C4244: 'argument': conversion from 'double' to 'const float', possible loss of data
D:\Connor\CMP208\CMP208_1900093_Vollity\build\vs2017\MainMenu.cpp(16,53): warning C4244: 'argument': conversion from 'double' to 'const float', possible loss of data
D:\Connor\CMP208\CMP208_1900093_Vollity\build\vs2017\MainMenu.cpp(25,73): warning C4244: 'argument': conversion from 'double' to 'const float', possible loss of data
D:\Connor\CMP208\CMP208_1900093_Vollity\build\vs2017\MainMenu.cpp(25,59): warning C4244: 'argument': conversion from 'double' to 'const float', possible loss of data
D:\Connor\CMP208\CMP208_1900093_Vollity\build\vs2017\MainMenu.cpp(26,74): warning C4244: 'argument': conversion from 'double' to 'const float', possible loss of data
D:\Connor\CMP208\CMP208_1900093_Vollity\build\vs2017\MainMenu.cpp(26,55): warning C4244: 'argument': conversion from 'double' to 'const float', possible loss of data
D:\Connor\CMP208\CMP208_1900093_Vollity\build\vs2017\MainMenu.cpp(28,73): warning C4244: 'argument': conversion from 'double' to 'const float', possible loss of data
D:\Connor\CMP208\CMP208_1900093_Vollity\build\vs2017\MainMenu.cpp(28,59): warning C4244: 'argument': conversion from 'double' to 'const float', possible loss of data
D:\Connor\CMP208\CMP208_1900093_Vollity\build\vs2017\MainMenu.cpp(29,76): warning C4244: 'argument': conversion from 'double' to 'const float', possible loss of data
D:\Connor\CMP208\CMP208_1900093_Vollity\build\vs2017\MainMenu.cpp(29,55): warning C4244: 'argument': conversion from 'double' to 'const float', possible loss of data
D:\Connor\CMP208\CMP208_1900093_Vollity\build\vs2017\MainMenu.cpp(63,74): warning C4305: 'argument': truncation from 'double' to 'const float'
D:\Connor\CMP208\CMP208_1900093_Vollity\build\vs2017\MainMenu.cpp(64,74): warning C4305: 'argument': truncation from 'double' to 'const float'
D:\Connor\CMP208\CMP208_1900093_Vollity\build\vs2017\MainMenu.cpp(66,74): warning C4244: 'argument': conversion from 'int' to 'const float', possible loss of data
D:\Connor\CMP208\CMP208_1900093_Vollity\build\vs2017\MainMenu.cpp(66,115): warning C4305: 'argument': truncation from 'double' to 'const float'
D:\Connor\CMP208\CMP208_1900093_Vollity\build\vs2017\MainMenu.cpp(67,92): warning C4305: 'argument': truncation from 'double' to 'const float'
D:\Connor\CMP208\CMP208_1900093_Vollity\build\vs2017\MainMenu.cpp(68,93): warning C4305: 'argument': truncation from 'double' to 'const float'
D:\Connor\CMP208\CMP208_1900093_Vollity\build\vs2017\MainMenu.cpp(69,93): warning C4305: 'argument': truncation from 'double' to 'const float'
D:\Connor\CMP208\CMP208_1900093_Vollity\build\vs2017\MainMenu.cpp(70,94): warning C4305: 'argument': truncation from 'double' to 'const float'
  Pause.cpp
D:\Connor\CMP208\CMP208_1900093_Vollity\build\vs2017\Pause.cpp(15,86): warning C4244: 'argument': conversion from 'double' to 'const float', possible loss of data
D:\Connor\CMP208\CMP208_1900093_Vollity\build\vs2017\Pause.cpp(15,60): warning C4244: 'argument': conversion from 'double' to 'const float', possible loss of data
D:\Connor\CMP208\CMP208_1900093_Vollity\build\vs2017\Pause.cpp(16,87): warning C4244: 'argument': conversion from 'double' to 'const float', possible loss of data
D:\Connor\CMP208\CMP208_1900093_Vollity\build\vs2017\Pause.cpp(16,61): warning C4244: 'argument': conversion from 'double' to 'const float', possible loss of data
D:\Connor\CMP208\CMP208_1900093_Vollity\build\vs2017\Pause.cpp(17,52): warning C4305: 'argument': truncation from 'double' to 'const float'
D:\Connor\CMP208\CMP208_1900093_Vollity\build\vs2017\Pause.cpp(19,94): warning C4244: 'argument': conversion from 'double' to 'const float', possible loss of data
D:\Connor\CMP208\CMP208_1900093_Vollity\build\vs2017\Pause.cpp(19,67): warning C4244: 'argument': conversion from 'double' to 'const float', possible loss of data
D:\Connor\CMP208\CMP208_1900093_Vollity\build\vs2017\Pause.cpp(21,48): warning C4244: 'argument': conversion from 'Int32' to 'const float', possible loss of data
D:\Connor\CMP208\CMP208_1900093_Vollity\build\vs2017\Pause.cpp(22,50): warning C4244: 'argument': conversion from 'Int32' to 'const float', possible loss of data
D:\Connor\CMP208\CMP208_1900093_Vollity\build\vs2017\Pause.cpp(23,63): warning C4305: 'argument': truncation from 'double' to 'const float'
D:\Connor\CMP208\CMP208_1900093_Vollity\build\vs2017\Pause.cpp(59,74): warning C4305: 'argument': truncation from 'double' to 'const float'
  PauseLevel2.cpp
D:\Connor\CMP208\CMP208_1900093_Vollity\build\vs2017\PauseLevel2.cpp(49,14): warning C4244: 'initializing': conversion from 'double' to 'float', possible loss of data
D:\Connor\CMP208\CMP208_1900093_Vollity\build\vs2017\PauseLevel2.cpp(50,15): warning C4244: 'initializing': conversion from 'Int32' to 'float', possible loss of data
D:\Connor\CMP208\CMP208_1900093_Vollity\build\vs2017\PauseLevel2.cpp(53,95): warning C4244: 'argument': conversion from 'double' to 'const float', possible loss of data
D:\Connor\CMP208\CMP208_1900093_Vollity\build\vs2017\PauseLevel2.cpp(57,96): warning C4244: 'argument': conversion from 'double' to 'const float', possible loss of data
D:\Connor\CMP208\CMP208_1900093_Vollity\build\vs2017\PauseLevel2.cpp(61,87): warning C4244: 'argument': conversion from 'double' to 'const float', possible loss of data
D:\Connor\CMP208\CMP208_1900093_Vollity\build\vs2017\PauseLevel2.cpp(71,90): warning C4305: 'argument': truncation from 'double' to 'const float'
D:\Connor\CMP208\CMP208_1900093_Vollity\build\vs2017\PauseLevel2.cpp(73,92): warning C4305: 'argument': truncation from 'double' to 'const float'
D:\Connor\CMP208\CMP208_1900093_Vollity\build\vs2017\PauseLevel2.cpp(75,83): warning C4305: 'argument': truncation from 'double' to 'const float'
  Player.cpp
  StartUp.cpp
D:\Connor\CMP208\CMP208_1900093_Vollity\build\vs2017\StartUp.cpp(7,15): warning C4244: 'initializing': conversion from 'double' to 'float', possible loss of data
D:\Connor\CMP208\CMP208_1900093_Vollity\build\vs2017\StartUp.cpp(8,14): warning C4244: 'initializing': conversion from 'double' to 'float', possible loss of data
D:\Connor\CMP208\CMP208_1900093_Vollity\build\vs2017\StartUp.cpp(37,74): warning C4244: 'argument': conversion from 'int' to 'const float', possible loss of data
D:\Connor\CMP208\CMP208_1900093_Vollity\build\vs2017\StartUp.cpp(37,113): warning C4305: 'argument': truncation from 'double' to 'const float'
D:\Connor\CMP208\CMP208_1900093_Vollity\build\vs2017\StartUp.cpp(38,92): warning C4305: 'argument': truncation from 'double' to 'const float'
D:\Connor\CMP208\CMP208_1900093_Vollity\build\vs2017\StartUp.cpp(39,93): warning C4305: 'argument': truncation from 'double' to 'const float'
D:\Connor\CMP208\CMP208_1900093_Vollity\build\vs2017\StartUp.cpp(40,93): warning C4305: 'argument': truncation from 'double' to 'const float'
D:\Connor\CMP208\CMP208_1900093_Vollity\build\vs2017\StartUp.cpp(41,94): warning C4305: 'argument': truncation from 'double' to 'const float'
  Compiling...
  VollityBall.cpp
D:\Connor\CMP208\CMP208_1900093_Vollity\build\vs2017\VollityBall.cpp(19,49): warning C4305: 'argument': truncation from 'double' to 'const float'
  Wall.cpp
D:\Connor\CMP208\CMP208_1900093_Vollity\build\vs2017\Wall.cpp(14,22): warning C4244: 'argument': conversion from 'int' to 'float', possible loss of data
D:\Connor\CMP208\CMP208_1900093_Vollity\build\vs2017\Wall.cpp(14,28): warning C4305: 'argument': truncation from 'double' to 'float'
D:\Connor\CMP208\CMP208_1900093_Vollity\build\vs2017\Wall.cpp(18,62): warning C4244: 'argument': conversion from 'int' to 'const float', possible loss of data
D:\Connor\CMP208\CMP208_1900093_Vollity\build\vs2017\Wall.cpp(18,74): warning C4305: 'argument': truncation from 'double' to 'const float'
  Generating code
  151 of 3733 functions ( 4.0%) were compiled, the rest were copied from previous compilation.
    16 functions were new in current compilation
    203 functions had inline decision re-evaluated but remain unchanged
  Finished generating code
  scene_app.vcxproj -> D:\Connor\CMP208\CMP208_1900093_Vollity\build\vs2017\x64\Release\scene_app.exe
